

Started GET "/" for 127.0.0.1 at 2015-07-12 15:22:08 -0300
  [1m[36mActiveRecord::SchemaMigration Load (6.2ms)[0m  [1mSELECT "schema_migrations".* FROM "schema_migrations"[0m
Processing by PrincipalController#index as HTML
  Rendered principal/index.html.erb within layouts/application (23.5ms)
  [1m[35mCategori Load (15.8ms)[0m  SELECT "categoris".* FROM "categoris"
  [1m[36mCategori Load (0.7ms)[0m  [1mSELECT "categoris".* FROM "categoris" WHERE "categoris"."cat_cat_cod" = $1[0m  [["cat_cat_cod", 2]]
  [1m[35mCategori Load (0.4ms)[0m  SELECT "categoris".* FROM "categoris" WHERE "categoris"."cat_cat_cod" = $1  [["cat_cat_cod", 7]]
  [1m[36mCategori Load (0.4ms)[0m  [1mSELECT "categoris".* FROM "categoris" WHERE "categoris"."cat_cat_cod" = $1[0m  [["cat_cat_cod", 18]]
  [1m[35mCategori Load (0.3ms)[0m  SELECT "categoris".* FROM "categoris" WHERE "categoris"."cat_cat_cod" = $1  [["cat_cat_cod", 22]]
  [1m[36mCategori Load (0.4ms)[0m  [1mSELECT "categoris".* FROM "categoris" WHERE "categoris"."cat_cat_cod" = $1[0m  [["cat_cat_cod", 9]]
  [1m[35mCategori Load (0.3ms)[0m  SELECT "categoris".* FROM "categoris" WHERE "categoris"."cat_cat_cod" = $1  [["cat_cat_cod", 21]]
  [1m[36mCategori Load (0.2ms)[0m  [1mSELECT "categoris".* FROM "categoris" WHERE "categoris"."cat_cat_cod" = $1[0m  [["cat_cat_cod", 15]]
Completed 200 OK in 786ms (Views: 716.5ms | ActiveRecord: 19.5ms)


Started GET "/categoris" for 127.0.0.1 at 2015-07-12 15:22:15 -0300
Processing by CategorisController#index as HTML
  [1m[35mCategori Load (0.3ms)[0m  SELECT "categoris".* FROM "categoris"
  [1m[36mCategori Load (0.4ms)[0m  [1mSELECT  "categoris".* FROM "categoris" WHERE "categoris"."cat_cod" = $1 LIMIT 1[0m  [["cat_cod", 1]]
  [1m[35mCACHE (0.0ms)[0m  SELECT  "categoris".* FROM "categoris" WHERE "categoris"."cat_cod" = $1 LIMIT 1  [["cat_cod", 1]]
  [1m[36mCategori Load (0.3ms)[0m  [1mSELECT  "categoris".* FROM "categoris" WHERE "categoris"."cat_cod" = $1 LIMIT 1[0m  [["cat_cod", 3]]
  [1m[35mCategori Load (0.3ms)[0m  SELECT  "categoris".* FROM "categoris" WHERE "categoris"."cat_cod" = $1 LIMIT 1  [["cat_cod", 2]]
  [1m[36mCACHE (0.0ms)[0m  [1mSELECT  "categoris".* FROM "categoris" WHERE "categoris"."cat_cod" = $1 LIMIT 1[0m  [["cat_cod", 2]]
  [1m[35mCACHE (0.0ms)[0m  SELECT  "categoris".* FROM "categoris" WHERE "categoris"."cat_cod" = $1 LIMIT 1  [["cat_cod", 1]]
  [1m[36mCACHE (0.0ms)[0m  [1mSELECT  "categoris".* FROM "categoris" WHERE "categoris"."cat_cod" = $1 LIMIT 1[0m  [["cat_cod", 2]]
  Rendered categoris/index.html.erb within layouts/application (13.3ms)
  [1m[35mCACHE (0.0ms)[0m  SELECT "categoris".* FROM "categoris"
  [1m[36mCategori Load (0.5ms)[0m  [1mSELECT "categoris".* FROM "categoris" WHERE "categoris"."cat_cat_cod" = $1[0m  [["cat_cat_cod", 2]]
  [1m[35mCategori Load (0.4ms)[0m  SELECT "categoris".* FROM "categoris" WHERE "categoris"."cat_cat_cod" = $1  [["cat_cat_cod", 7]]
  [1m[36mCategori Load (0.4ms)[0m  [1mSELECT "categoris".* FROM "categoris" WHERE "categoris"."cat_cat_cod" = $1[0m  [["cat_cat_cod", 18]]
  [1m[35mCategori Load (0.4ms)[0m  SELECT "categoris".* FROM "categoris" WHERE "categoris"."cat_cat_cod" = $1  [["cat_cat_cod", 22]]
  [1m[36mCategori Load (0.3ms)[0m  [1mSELECT "categoris".* FROM "categoris" WHERE "categoris"."cat_cat_cod" = $1[0m  [["cat_cat_cod", 9]]
  [1m[35mCategori Load (0.1ms)[0m  SELECT "categoris".* FROM "categoris" WHERE "categoris"."cat_cat_cod" = $1  [["cat_cat_cod", 21]]
  [1m[36mCategori Load (0.2ms)[0m  [1mSELECT "categoris".* FROM "categoris" WHERE "categoris"."cat_cat_cod" = $1[0m  [["cat_cat_cod", 15]]
Completed 200 OK in 321ms (Views: 316.4ms | ActiveRecord: 3.6ms)


Started GET "/categoris/new" for 127.0.0.1 at 2015-07-12 15:22:18 -0300
Processing by CategorisController#new as HTML
  [1m[35mCategori Load (0.6ms)[0m  SELECT "categoris".* FROM "categoris"
  Rendered categoris/_form.html.erb (102.5ms)
  Rendered categoris/new.html.erb within layouts/application (144.9ms)
  [1m[36mCACHE (0.0ms)[0m  [1mSELECT "categoris".* FROM "categoris"[0m
  [1m[35mCategori Load (0.2ms)[0m  SELECT "categoris".* FROM "categoris" WHERE "categoris"."cat_cat_cod" = $1  [["cat_cat_cod", 2]]
  [1m[36mCategori Load (0.2ms)[0m  [1mSELECT "categoris".* FROM "categoris" WHERE "categoris"."cat_cat_cod" = $1[0m  [["cat_cat_cod", 7]]
  [1m[35mCategori Load (0.1ms)[0m  SELECT "categoris".* FROM "categoris" WHERE "categoris"."cat_cat_cod" = $1  [["cat_cat_cod", 18]]
  [1m[36mCategori Load (0.1ms)[0m  [1mSELECT "categoris".* FROM "categoris" WHERE "categoris"."cat_cat_cod" = $1[0m  [["cat_cat_cod", 22]]
  [1m[35mCategori Load (0.1ms)[0m  SELECT "categoris".* FROM "categoris" WHERE "categoris"."cat_cat_cod" = $1  [["cat_cat_cod", 9]]
  [1m[36mCategori Load (0.1ms)[0m  [1mSELECT "categoris".* FROM "categoris" WHERE "categoris"."cat_cat_cod" = $1[0m  [["cat_cat_cod", 21]]
  [1m[35mCategori Load (0.1ms)[0m  SELECT "categoris".* FROM "categoris" WHERE "categoris"."cat_cat_cod" = $1  [["cat_cat_cod", 15]]
Completed 200 OK in 472ms (Views: 469.0ms | ActiveRecord: 1.7ms)


Started POST "/categoris" for 127.0.0.1 at 2015-07-12 15:22:23 -0300
Processing by CategorisController#create as HTML
  Parameters: {"utf8"=>"✓", "authenticity_token"=>"kFktXcGx1JgzZRs9DkF1JAQi9KJnHMnQzohZDTxjj1Wkv6tTp61KBErap6VJC0AfhqwihODqSgm5JTRS+5o9jA==", "categori"=>{"cat_cat_cod"=>"", "cat_nom"=>"asd"}, "commit"=>"Create Categori"}
  [1m[36m (0.3ms)[0m  [1mBEGIN[0m
  [1m[35mSQL (44.0ms)[0m  INSERT INTO "categoris" ("cat_nom") VALUES ($1) RETURNING "cat_cod"  [["cat_nom", "asd"]]
  [1m[36m (48.9ms)[0m  [1mCOMMIT[0m
Redirected to http://localhost:3000/categoris/38
Completed 302 Found in 113ms (ActiveRecord: 106.5ms)


Started GET "/categoris/38" for 127.0.0.1 at 2015-07-12 15:22:23 -0300
Processing by CategorisController#show as HTML
  Parameters: {"id"=>"38"}
  [1m[35mCategori Load (0.7ms)[0m  SELECT  "categoris".* FROM "categoris" WHERE "categoris"."cat_cod" = $1 LIMIT 1  [["cat_cod", 38]]
  [1m[36mArticulo Load (33.6ms)[0m  [1mSELECT "articulos".* FROM "articulos" WHERE "articulos"."cat_cod" = $1[0m  [["cat_cod", 38]]
  [1m[35mCategori Load (0.4ms)[0m  SELECT "categoris".* FROM "categoris" WHERE "categoris"."cat_cat_cod" = $1  [["cat_cat_cod", 38]]
  [1m[36mPropiedad Load (29.2ms)[0m  [1mSELECT  "propiedads".* FROM "propiedads" WHERE "propiedads"."prop_nom" = $1 LIMIT 1[0m  [["prop_nom", "Color"]]
  [1m[35mPropiedadValor Load (28.1ms)[0m  SELECT "propiedad_valors".* FROM "propiedad_valors" WHERE "propiedad_valors"."prop_cod" = $1  [["prop_cod", 1]]
  [1m[36mValor Load (1.7ms)[0m  [1mSELECT "valors".* FROM "valors" WHERE "valors"."val_cod" = $1[0m  [["val_cod", 1]]
  [1m[35mValor Load (0.6ms)[0m  SELECT "valors".* FROM "valors" WHERE "valors"."val_cod" = $1  [["val_cod", 9]]
  [1m[36mPropiedad Load (0.5ms)[0m  [1mSELECT  "propiedads".* FROM "propiedads" WHERE "propiedads"."prop_nom" = $1 LIMIT 1[0m  [["prop_nom", "Material"]]
  [1m[35mPropiedadValor Load (0.5ms)[0m  SELECT "propiedad_valors".* FROM "propiedad_valors" WHERE "propiedad_valors"."prop_cod" = $1  [["prop_cod", 4]]
  [1m[36mValor Load (0.5ms)[0m  [1mSELECT "valors".* FROM "valors" WHERE "valors"."val_cod" = $1[0m  [["val_cod", 4]]
  [1m[35mPropiedad Load (0.4ms)[0m  SELECT  "propiedads".* FROM "propiedads" WHERE "propiedads"."prop_nom" = $1 LIMIT 1  [["prop_nom", "Marca"]]
  [1m[36mPropiedadValor Load (0.4ms)[0m  [1mSELECT "propiedad_valors".* FROM "propiedad_valors" WHERE "propiedad_valors"."prop_cod" = $1[0m  [["prop_cod", 7]]
  [1m[35mValor Load (0.3ms)[0m  SELECT "valors".* FROM "valors" WHERE "valors"."val_cod" = $1  [["val_cod", 7]]
  Rendered categoris/show.html.erb within layouts/application (113.4ms)
  [1m[36mCategori Load (0.4ms)[0m  [1mSELECT "categoris".* FROM "categoris"[0m
  [1m[35mCategori Load (0.2ms)[0m  SELECT "categoris".* FROM "categoris" WHERE "categoris"."cat_cat_cod" = $1  [["cat_cat_cod", 2]]
  [1m[36mCategori Load (0.1ms)[0m  [1mSELECT "categoris".* FROM "categoris" WHERE "categoris"."cat_cat_cod" = $1[0m  [["cat_cat_cod", 7]]
  [1m[35mCategori Load (0.1ms)[0m  SELECT "categoris".* FROM "categoris" WHERE "categoris"."cat_cat_cod" = $1  [["cat_cat_cod", 18]]
  [1m[36mCategori Load (0.1ms)[0m  [1mSELECT "categoris".* FROM "categoris" WHERE "categoris"."cat_cat_cod" = $1[0m  [["cat_cat_cod", 22]]
  [1m[35mCategori Load (0.1ms)[0m  SELECT "categoris".* FROM "categoris" WHERE "categoris"."cat_cat_cod" = $1  [["cat_cat_cod", 9]]
  [1m[36mCategori Load (0.2ms)[0m  [1mSELECT "categoris".* FROM "categoris" WHERE "categoris"."cat_cat_cod" = $1[0m  [["cat_cat_cod", 21]]
  [1m[35mCategori Load (0.1ms)[0m  SELECT "categoris".* FROM "categoris" WHERE "categoris"."cat_cat_cod" = $1  [["cat_cat_cod", 15]]
Completed 200 OK in 496ms (Views: 354.5ms | ActiveRecord: 105.2ms)


Started GET "/categoris" for 127.0.0.1 at 2015-07-12 15:22:29 -0300
Processing by CategorisController#index as HTML
  [1m[36mCategori Load (0.5ms)[0m  [1mSELECT "categoris".* FROM "categoris"[0m
  [1m[35mCategori Load (0.7ms)[0m  SELECT  "categoris".* FROM "categoris" WHERE "categoris"."cat_cod" = $1 LIMIT 1  [["cat_cod", 1]]
  [1m[36mCACHE (0.0ms)[0m  [1mSELECT  "categoris".* FROM "categoris" WHERE "categoris"."cat_cod" = $1 LIMIT 1[0m  [["cat_cod", 1]]
  [1m[35mCategori Load (0.5ms)[0m  SELECT  "categoris".* FROM "categoris" WHERE "categoris"."cat_cod" = $1 LIMIT 1  [["cat_cod", 3]]
  [1m[36mCategori Load (0.3ms)[0m  [1mSELECT  "categoris".* FROM "categoris" WHERE "categoris"."cat_cod" = $1 LIMIT 1[0m  [["cat_cod", 2]]
  [1m[35mCACHE (0.0ms)[0m  SELECT  "categoris".* FROM "categoris" WHERE "categoris"."cat_cod" = $1 LIMIT 1  [["cat_cod", 2]]
  [1m[36mCACHE (0.0ms)[0m  [1mSELECT  "categoris".* FROM "categoris" WHERE "categoris"."cat_cod" = $1 LIMIT 1[0m  [["cat_cod", 1]]
  [1m[35mCACHE (0.0ms)[0m  SELECT  "categoris".* FROM "categoris" WHERE "categoris"."cat_cod" = $1 LIMIT 1  [["cat_cod", 2]]
  Rendered categoris/index.html.erb within layouts/application (11.8ms)
  [1m[36mCACHE (0.0ms)[0m  [1mSELECT "categoris".* FROM "categoris"[0m
  [1m[35mCategori Load (0.2ms)[0m  SELECT "categoris".* FROM "categoris" WHERE "categoris"."cat_cat_cod" = $1  [["cat_cat_cod", 2]]
  [1m[36mCategori Load (0.2ms)[0m  [1mSELECT "categoris".* FROM "categoris" WHERE "categoris"."cat_cat_cod" = $1[0m  [["cat_cat_cod", 7]]
  [1m[35mCategori Load (0.1ms)[0m  SELECT "categoris".* FROM "categoris" WHERE "categoris"."cat_cat_cod" = $1  [["cat_cat_cod", 18]]
  [1m[36mCategori Load (0.1ms)[0m  [1mSELECT "categoris".* FROM "categoris" WHERE "categoris"."cat_cat_cod" = $1[0m  [["cat_cat_cod", 22]]
  [1m[35mCategori Load (0.1ms)[0m  SELECT "categoris".* FROM "categoris" WHERE "categoris"."cat_cat_cod" = $1  [["cat_cat_cod", 9]]
  [1m[36mCategori Load (0.1ms)[0m  [1mSELECT "categoris".* FROM "categoris" WHERE "categoris"."cat_cat_cod" = $1[0m  [["cat_cat_cod", 21]]
  [1m[35mCategori Load (0.1ms)[0m  SELECT "categoris".* FROM "categoris" WHERE "categoris"."cat_cat_cod" = $1  [["cat_cat_cod", 15]]
Completed 200 OK in 309ms (Views: 305.2ms | ActiveRecord: 2.9ms)


Started GET "/categoris/new" for 127.0.0.1 at 2015-07-12 15:22:32 -0300
Processing by CategorisController#new as HTML
  [1m[36mCategori Load (0.5ms)[0m  [1mSELECT "categoris".* FROM "categoris"[0m
  Rendered categoris/_form.html.erb (8.3ms)
  Rendered categoris/new.html.erb within layouts/application (9.9ms)
  [1m[35mCACHE (0.0ms)[0m  SELECT "categoris".* FROM "categoris"
  [1m[36mCategori Load (0.2ms)[0m  [1mSELECT "categoris".* FROM "categoris" WHERE "categoris"."cat_cat_cod" = $1[0m  [["cat_cat_cod", 2]]
  [1m[35mCategori Load (0.2ms)[0m  SELECT "categoris".* FROM "categoris" WHERE "categoris"."cat_cat_cod" = $1  [["cat_cat_cod", 7]]
  [1m[36mCategori Load (0.1ms)[0m  [1mSELECT "categoris".* FROM "categoris" WHERE "categoris"."cat_cat_cod" = $1[0m  [["cat_cat_cod", 18]]
  [1m[35mCategori Load (0.1ms)[0m  SELECT "categoris".* FROM "categoris" WHERE "categoris"."cat_cat_cod" = $1  [["cat_cat_cod", 22]]
  [1m[36mCategori Load (0.1ms)[0m  [1mSELECT "categoris".* FROM "categoris" WHERE "categoris"."cat_cat_cod" = $1[0m  [["cat_cat_cod", 9]]
  [1m[35mCategori Load (0.2ms)[0m  SELECT "categoris".* FROM "categoris" WHERE "categoris"."cat_cat_cod" = $1  [["cat_cat_cod", 21]]
  [1m[36mCategori Load (0.1ms)[0m  [1mSELECT "categoris".* FROM "categoris" WHERE "categoris"."cat_cat_cod" = $1[0m  [["cat_cat_cod", 15]]
Completed 200 OK in 364ms (Views: 361.3ms | ActiveRecord: 1.6ms)


Started POST "/categoris" for 127.0.0.1 at 2015-07-12 15:22:42 -0300
Processing by CategorisController#create as HTML
  Parameters: {"utf8"=>"✓", "authenticity_token"=>"lhvzm00++qq8JUSJIv/Mi+bq20/NrdWhuSJ91bj2iO6i/XWVKyJkNsWa+BFltfmwZGQNaUpbVnjOjxCKfw86Nw==", "categori"=>{"cat_cat_cod"=>"38", "cat_nom"=>"asd1"}, "commit"=>"Create Categori"}
  [1m[35m (0.3ms)[0m  BEGIN
  [1m[36mSQL (0.9ms)[0m  [1mINSERT INTO "categoris" ("cat_cat_cod", "cat_nom") VALUES ($1, $2) RETURNING "cat_cod"[0m  [["cat_cat_cod", 38], ["cat_nom", "asd1"]]
  [1m[35m (38.2ms)[0m  COMMIT
Redirected to http://localhost:3000/categoris/39
Completed 302 Found in 45ms (ActiveRecord: 39.3ms)


Started GET "/categoris/39" for 127.0.0.1 at 2015-07-12 15:22:42 -0300
Processing by CategorisController#show as HTML
  Parameters: {"id"=>"39"}
  [1m[36mCategori Load (0.2ms)[0m  [1mSELECT  "categoris".* FROM "categoris" WHERE "categoris"."cat_cod" = $1 LIMIT 1[0m  [["cat_cod", 39]]
  [1m[35mArticulo Load (0.3ms)[0m  SELECT "articulos".* FROM "articulos" WHERE "articulos"."cat_cod" = $1  [["cat_cod", 39]]
  [1m[36mCategori Load (0.2ms)[0m  [1mSELECT "categoris".* FROM "categoris" WHERE "categoris"."cat_cat_cod" = $1[0m  [["cat_cat_cod", 39]]
  [1m[35mPropiedad Load (0.2ms)[0m  SELECT  "propiedads".* FROM "propiedads" WHERE "propiedads"."prop_nom" = $1 LIMIT 1  [["prop_nom", "Color"]]
  [1m[36mPropiedadValor Load (0.2ms)[0m  [1mSELECT "propiedad_valors".* FROM "propiedad_valors" WHERE "propiedad_valors"."prop_cod" = $1[0m  [["prop_cod", 1]]
  [1m[35mValor Load (0.1ms)[0m  SELECT "valors".* FROM "valors" WHERE "valors"."val_cod" = $1  [["val_cod", 1]]
  [1m[36mValor Load (0.2ms)[0m  [1mSELECT "valors".* FROM "valors" WHERE "valors"."val_cod" = $1[0m  [["val_cod", 9]]
  [1m[35mPropiedad Load (0.2ms)[0m  SELECT  "propiedads".* FROM "propiedads" WHERE "propiedads"."prop_nom" = $1 LIMIT 1  [["prop_nom", "Material"]]
  [1m[36mPropiedadValor Load (0.2ms)[0m  [1mSELECT "propiedad_valors".* FROM "propiedad_valors" WHERE "propiedad_valors"."prop_cod" = $1[0m  [["prop_cod", 4]]
  [1m[35mValor Load (0.1ms)[0m  SELECT "valors".* FROM "valors" WHERE "valors"."val_cod" = $1  [["val_cod", 4]]
  [1m[36mPropiedad Load (0.1ms)[0m  [1mSELECT  "propiedads".* FROM "propiedads" WHERE "propiedads"."prop_nom" = $1 LIMIT 1[0m  [["prop_nom", "Marca"]]
  [1m[35mPropiedadValor Load (0.2ms)[0m  SELECT "propiedad_valors".* FROM "propiedad_valors" WHERE "propiedad_valors"."prop_cod" = $1  [["prop_cod", 7]]
  [1m[36mValor Load (0.1ms)[0m  [1mSELECT "valors".* FROM "valors" WHERE "valors"."val_cod" = $1[0m  [["val_cod", 7]]
  Rendered categoris/show.html.erb within layouts/application (7.2ms)
  [1m[35mCategori Load (0.3ms)[0m  SELECT "categoris".* FROM "categoris"
  [1m[36mCategori Load (0.1ms)[0m  [1mSELECT "categoris".* FROM "categoris" WHERE "categoris"."cat_cat_cod" = $1[0m  [["cat_cat_cod", 2]]
  [1m[35mCategori Load (0.1ms)[0m  SELECT "categoris".* FROM "categoris" WHERE "categoris"."cat_cat_cod" = $1  [["cat_cat_cod", 7]]
  [1m[36mCategori Load (0.1ms)[0m  [1mSELECT "categoris".* FROM "categoris" WHERE "categoris"."cat_cat_cod" = $1[0m  [["cat_cat_cod", 18]]
  [1m[35mCategori Load (0.1ms)[0m  SELECT "categoris".* FROM "categoris" WHERE "categoris"."cat_cat_cod" = $1  [["cat_cat_cod", 22]]
  [1m[36mCategori Load (0.1ms)[0m  [1mSELECT "categoris".* FROM "categoris" WHERE "categoris"."cat_cat_cod" = $1[0m  [["cat_cat_cod", 9]]
  [1m[35mCategori Load (0.1ms)[0m  SELECT "categoris".* FROM "categoris" WHERE "categoris"."cat_cat_cod" = $1  [["cat_cat_cod", 21]]
  [1m[36mCategori Load (0.1ms)[0m  [1mSELECT "categoris".* FROM "categoris" WHERE "categoris"."cat_cat_cod" = $1[0m  [["cat_cat_cod", 15]]
  [1m[35mCACHE (0.0ms)[0m  SELECT "categoris".* FROM "categoris" WHERE "categoris"."cat_cat_cod" = $1  [["cat_cat_cod", 39]]
Completed 200 OK in 319ms (Views: 312.5ms | ActiveRecord: 3.5ms)


Started GET "/categoris" for 127.0.0.1 at 2015-07-12 15:22:46 -0300
Processing by CategorisController#index as HTML
  [1m[36mCategori Load (0.3ms)[0m  [1mSELECT "categoris".* FROM "categoris"[0m
  [1m[35mCategori Load (0.2ms)[0m  SELECT  "categoris".* FROM "categoris" WHERE "categoris"."cat_cod" = $1 LIMIT 1  [["cat_cod", 1]]
  [1m[36mCACHE (0.0ms)[0m  [1mSELECT  "categoris".* FROM "categoris" WHERE "categoris"."cat_cod" = $1 LIMIT 1[0m  [["cat_cod", 1]]
  [1m[35mCategori Load (0.2ms)[0m  SELECT  "categoris".* FROM "categoris" WHERE "categoris"."cat_cod" = $1 LIMIT 1  [["cat_cod", 3]]
  [1m[36mCategori Load (0.2ms)[0m  [1mSELECT  "categoris".* FROM "categoris" WHERE "categoris"."cat_cod" = $1 LIMIT 1[0m  [["cat_cod", 2]]
  [1m[35mCACHE (0.0ms)[0m  SELECT  "categoris".* FROM "categoris" WHERE "categoris"."cat_cod" = $1 LIMIT 1  [["cat_cod", 2]]
  [1m[36mCACHE (0.0ms)[0m  [1mSELECT  "categoris".* FROM "categoris" WHERE "categoris"."cat_cod" = $1 LIMIT 1[0m  [["cat_cod", 1]]
  [1m[35mCACHE (0.0ms)[0m  SELECT  "categoris".* FROM "categoris" WHERE "categoris"."cat_cod" = $1 LIMIT 1  [["cat_cod", 2]]
  [1m[36mCategori Load (0.2ms)[0m  [1mSELECT  "categoris".* FROM "categoris" WHERE "categoris"."cat_cod" = $1 LIMIT 1[0m  [["cat_cod", 38]]
  Rendered categoris/index.html.erb within layouts/application (9.7ms)
  [1m[35mCACHE (0.0ms)[0m  SELECT "categoris".* FROM "categoris"
  [1m[36mCategori Load (0.2ms)[0m  [1mSELECT "categoris".* FROM "categoris" WHERE "categoris"."cat_cat_cod" = $1[0m  [["cat_cat_cod", 2]]
  [1m[35mCategori Load (0.1ms)[0m  SELECT "categoris".* FROM "categoris" WHERE "categoris"."cat_cat_cod" = $1  [["cat_cat_cod", 7]]
  [1m[36mCategori Load (0.1ms)[0m  [1mSELECT "categoris".* FROM "categoris" WHERE "categoris"."cat_cat_cod" = $1[0m  [["cat_cat_cod", 18]]
  [1m[35mCategori Load (0.1ms)[0m  SELECT "categoris".* FROM "categoris" WHERE "categoris"."cat_cat_cod" = $1  [["cat_cat_cod", 22]]
  [1m[36mCategori Load (0.1ms)[0m  [1mSELECT "categoris".* FROM "categoris" WHERE "categoris"."cat_cat_cod" = $1[0m  [["cat_cat_cod", 9]]
  [1m[35mCategori Load (0.1ms)[0m  SELECT "categoris".* FROM "categoris" WHERE "categoris"."cat_cat_cod" = $1  [["cat_cat_cod", 21]]
  [1m[36mCategori Load (0.1ms)[0m  [1mSELECT "categoris".* FROM "categoris" WHERE "categoris"."cat_cat_cod" = $1[0m  [["cat_cat_cod", 15]]
  [1m[35mCategori Load (0.1ms)[0m  SELECT "categoris".* FROM "categoris" WHERE "categoris"."cat_cat_cod" = $1  [["cat_cat_cod", 39]]
Completed 200 OK in 301ms (Views: 297.7ms | ActiveRecord: 2.1ms)


Started DELETE "/categoris/38" for 127.0.0.1 at 2015-07-12 15:22:52 -0300
Processing by CategorisController#destroy as HTML
  Parameters: {"authenticity_token"=>"8qXiLYMIB6J+MpqSIAYl5eGlQEG+H6Bh5ogYXaQhfmTGQ2Qj5RSZPgeNJgpnTBDeYyuWZznpI7iRJXUCY9jMvQ==", "id"=>"38"}
  [1m[36mCategori Load (0.3ms)[0m  [1mSELECT  "categoris".* FROM "categoris" WHERE "categoris"."cat_cod" = $1 LIMIT 1[0m  [["cat_cod", 38]]
  [1m[35m (0.1ms)[0m  BEGIN
  [1m[36mArticulo Load (0.3ms)[0m  [1mSELECT "articulos".* FROM "articulos" WHERE "articulos"."cat_cod" = $1[0m  [["cat_cod", 38]]
  [1m[35mCategori Load (0.5ms)[0m  SELECT "categoris".* FROM "categoris" WHERE "categoris"."cat_cat_cod" = $1  [["cat_cat_cod", 38]]
  [1m[36mArticulo Load (0.5ms)[0m  [1mSELECT "articulos".* FROM "articulos" WHERE "articulos"."cat_cod" = $1[0m  [["cat_cod", 39]]
  [1m[35mCategori Load (0.2ms)[0m  SELECT "categoris".* FROM "categoris" WHERE "categoris"."cat_cat_cod" = $1  [["cat_cat_cod", 39]]
  [1m[36mSQL (1.2ms)[0m  [1mDELETE FROM "categoris" WHERE "categoris"."cat_cod" = $1[0m  [["cat_cod", 39]]
  [1m[35mSQL (0.7ms)[0m  DELETE FROM "categoris" WHERE "categoris"."cat_cod" = $1  [["cat_cod", 38]]
  [1m[36m (45.6ms)[0m  [1mCOMMIT[0m
Redirected to http://localhost:3000/categoris
Completed 302 Found in 95ms (ActiveRecord: 49.4ms)


Started GET "/categoris" for 127.0.0.1 at 2015-07-12 15:22:52 -0300
Processing by CategorisController#index as HTML
  [1m[35mCategori Load (0.3ms)[0m  SELECT "categoris".* FROM "categoris"
  [1m[36mCategori Load (0.2ms)[0m  [1mSELECT  "categoris".* FROM "categoris" WHERE "categoris"."cat_cod" = $1 LIMIT 1[0m  [["cat_cod", 1]]
  [1m[35mCACHE (0.0ms)[0m  SELECT  "categoris".* FROM "categoris" WHERE "categoris"."cat_cod" = $1 LIMIT 1  [["cat_cod", 1]]
  [1m[36mCategori Load (0.4ms)[0m  [1mSELECT  "categoris".* FROM "categoris" WHERE "categoris"."cat_cod" = $1 LIMIT 1[0m  [["cat_cod", 3]]
  [1m[35mCategori Load (0.3ms)[0m  SELECT  "categoris".* FROM "categoris" WHERE "categoris"."cat_cod" = $1 LIMIT 1  [["cat_cod", 2]]
  [1m[36mCACHE (0.0ms)[0m  [1mSELECT  "categoris".* FROM "categoris" WHERE "categoris"."cat_cod" = $1 LIMIT 1[0m  [["cat_cod", 2]]
  [1m[35mCACHE (0.0ms)[0m  SELECT  "categoris".* FROM "categoris" WHERE "categoris"."cat_cod" = $1 LIMIT 1  [["cat_cod", 1]]
  [1m[36mCACHE (0.0ms)[0m  [1mSELECT  "categoris".* FROM "categoris" WHERE "categoris"."cat_cod" = $1 LIMIT 1[0m  [["cat_cod", 2]]
  Rendered categoris/index.html.erb within layouts/application (10.6ms)
  [1m[35mCACHE (0.0ms)[0m  SELECT "categoris".* FROM "categoris"
  [1m[36mCategori Load (0.4ms)[0m  [1mSELECT "categoris".* FROM "categoris" WHERE "categoris"."cat_cat_cod" = $1[0m  [["cat_cat_cod", 2]]
  [1m[35mCategori Load (0.2ms)[0m  SELECT "categoris".* FROM "categoris" WHERE "categoris"."cat_cat_cod" = $1  [["cat_cat_cod", 7]]
  [1m[36mCategori Load (0.2ms)[0m  [1mSELECT "categoris".* FROM "categoris" WHERE "categoris"."cat_cat_cod" = $1[0m  [["cat_cat_cod", 18]]
  [1m[35mCategori Load (0.2ms)[0m  SELECT "categoris".* FROM "categoris" WHERE "categoris"."cat_cat_cod" = $1  [["cat_cat_cod", 22]]
  [1m[36mCategori Load (0.1ms)[0m  [1mSELECT "categoris".* FROM "categoris" WHERE "categoris"."cat_cat_cod" = $1[0m  [["cat_cat_cod", 9]]
  [1m[35mCategori Load (0.1ms)[0m  SELECT "categoris".* FROM "categoris" WHERE "categoris"."cat_cat_cod" = $1  [["cat_cat_cod", 21]]
  [1m[36mCategori Load (0.1ms)[0m  [1mSELECT "categoris".* FROM "categoris" WHERE "categoris"."cat_cat_cod" = $1[0m  [["cat_cat_cod", 15]]
Completed 200 OK in 330ms (Views: 326.7ms | ActiveRecord: 2.7ms)


Started GET "/" for 127.0.0.1 at 2015-07-12 15:23:09 -0300
Processing by PrincipalController#index as HTML
  Rendered principal/index.html.erb within layouts/application (0.3ms)
  [1m[35mCategori Load (0.5ms)[0m  SELECT "categoris".* FROM "categoris"
  [1m[36mCategori Load (0.4ms)[0m  [1mSELECT "categoris".* FROM "categoris" WHERE "categoris"."cat_cat_cod" = $1[0m  [["cat_cat_cod", 2]]
  [1m[35mCategori Load (0.3ms)[0m  SELECT "categoris".* FROM "categoris" WHERE "categoris"."cat_cat_cod" = $1  [["cat_cat_cod", 7]]
  [1m[36mCategori Load (0.3ms)[0m  [1mSELECT "categoris".* FROM "categoris" WHERE "categoris"."cat_cat_cod" = $1[0m  [["cat_cat_cod", 18]]
  [1m[35mCategori Load (0.2ms)[0m  SELECT "categoris".* FROM "categoris" WHERE "categoris"."cat_cat_cod" = $1  [["cat_cat_cod", 22]]
  [1m[36mCategori Load (0.2ms)[0m  [1mSELECT "categoris".* FROM "categoris" WHERE "categoris"."cat_cat_cod" = $1[0m  [["cat_cat_cod", 9]]
  [1m[35mCategori Load (0.1ms)[0m  SELECT "categoris".* FROM "categoris" WHERE "categoris"."cat_cat_cod" = $1  [["cat_cat_cod", 21]]
  [1m[36mCategori Load (0.3ms)[0m  [1mSELECT "categoris".* FROM "categoris" WHERE "categoris"."cat_cat_cod" = $1[0m  [["cat_cat_cod", 15]]
Completed 200 OK in 290ms (Views: 286.9ms | ActiveRecord: 2.3ms)


Started GET "/categoris/7" for 127.0.0.1 at 2015-07-12 15:23:13 -0300
Processing by CategorisController#show as HTML
  Parameters: {"id"=>"7"}
  [1m[35mCategori Load (0.3ms)[0m  SELECT  "categoris".* FROM "categoris" WHERE "categoris"."cat_cod" = $1 LIMIT 1  [["cat_cod", 7]]
  [1m[36mArticulo Load (37.9ms)[0m  [1mSELECT "articulos".* FROM "articulos" WHERE "articulos"."cat_cod" = $1[0m  [["cat_cod", 7]]
  [1m[35mImagen Load (31.7ms)[0m  SELECT "imagens".* FROM "imagens" WHERE (LENGTH(imagen_uri) > 0)
  [1m[36mInstanci Load (4.9ms)[0m  [1mSELECT "instancis".* FROM "instancis" WHERE "instancis"."ins_cod_prov" = $1 AND "instancis"."art_cod" = $2[0m  [["ins_cod_prov", "1234"], ["art_cod", 1]]
  [1m[35mInstanci Load (0.7ms)[0m  SELECT "instancis".* FROM "instancis" WHERE "instancis"."ins_cod_prov" = $1 AND "instancis"."art_cod" = $2  [["ins_cod_prov", "adcd"], ["art_cod", 1]]
  [1m[36mInstanci Load (0.5ms)[0m  [1mSELECT "instancis".* FROM "instancis" WHERE "instancis"."ins_cod_prov" = $1 AND "instancis"."art_cod" = $2[0m  [["ins_cod_prov", "abcd"], ["art_cod", 1]]
  [1m[35mInstanci Load (0.6ms)[0m  SELECT "instancis".* FROM "instancis" WHERE "instancis"."ins_cod_prov" = $1 AND "instancis"."art_cod" = $2  [["ins_cod_prov", "aaaaa"], ["art_cod", 1]]
  [1m[36mInstanci Load (0.9ms)[0m  [1mSELECT "instancis".* FROM "instancis" WHERE "instancis"."ins_cod_prov" = $1 AND "instancis"."art_cod" = $2[0m  [["ins_cod_prov", "tyuh"], ["art_cod", 1]]
  [1m[35mInstanci Load (0.7ms)[0m  SELECT "instancis".* FROM "instancis" WHERE "instancis"."ins_cod_prov" = $1 AND "instancis"."art_cod" = $2  [["ins_cod_prov", "1234"], ["art_cod", 4]]
  [1m[36mInstanci Load (0.4ms)[0m  [1mSELECT "instancis".* FROM "instancis" WHERE "instancis"."ins_cod_prov" = $1 AND "instancis"."art_cod" = $2[0m  [["ins_cod_prov", "adcd"], ["art_cod", 4]]
  [1m[35mInstanci Load (0.4ms)[0m  SELECT "instancis".* FROM "instancis" WHERE "instancis"."ins_cod_prov" = $1 AND "instancis"."art_cod" = $2  [["ins_cod_prov", "abcd"], ["art_cod", 4]]
  [1m[36mInstanci Load (0.4ms)[0m  [1mSELECT "instancis".* FROM "instancis" WHERE "instancis"."ins_cod_prov" = $1 AND "instancis"."art_cod" = $2[0m  [["ins_cod_prov", "aaaaa"], ["art_cod", 4]]
  [1m[35mInstanci Load (0.3ms)[0m  SELECT "instancis".* FROM "instancis" WHERE "instancis"."ins_cod_prov" = $1 AND "instancis"."art_cod" = $2  [["ins_cod_prov", "tyuh"], ["art_cod", 4]]
  [1m[36mCategori Load (0.3ms)[0m  [1mSELECT "categoris".* FROM "categoris" WHERE "categoris"."cat_cat_cod" = $1[0m  [["cat_cat_cod", 7]]
  [1m[35mImagen Load (0.4ms)[0m  SELECT  "imagens"."imagen_uri" FROM "imagens" WHERE "imagens"."ins_cod_prov" = $1 LIMIT 1  [["ins_cod_prov", "1234"]]
  [1m[36mArticulo Load (0.3ms)[0m  [1mSELECT  "articulos".* FROM "articulos" WHERE "articulos"."art_cod" = $1 LIMIT 1[0m  [["art_cod", 1]]
  [1m[35mImagen Load (0.5ms)[0m  SELECT  "imagens"."imagen_uri" FROM "imagens" WHERE "imagens"."ins_cod_prov" = $1 LIMIT 1  [["ins_cod_prov", "tyuh"]]
  [1m[36mArticulo Load (0.5ms)[0m  [1mSELECT  "articulos".* FROM "articulos" WHERE "articulos"."art_cod" = $1 LIMIT 1[0m  [["art_cod", 4]]
  [1m[35mPropiedad Load (0.3ms)[0m  SELECT  "propiedads".* FROM "propiedads" WHERE "propiedads"."prop_nom" = $1 LIMIT 1  [["prop_nom", "Color"]]
  [1m[36mPropiedadValor Load (0.3ms)[0m  [1mSELECT "propiedad_valors".* FROM "propiedad_valors" WHERE "propiedad_valors"."prop_cod" = $1[0m  [["prop_cod", 1]]
  [1m[35mValor Load (0.3ms)[0m  SELECT "valors".* FROM "valors" WHERE "valors"."val_cod" = $1  [["val_cod", 1]]
  [1m[36mValor Load (0.3ms)[0m  [1mSELECT "valors".* FROM "valors" WHERE "valors"."val_cod" = $1[0m  [["val_cod", 9]]
  [1m[35mPropiedad Load (0.3ms)[0m  SELECT  "propiedads".* FROM "propiedads" WHERE "propiedads"."prop_nom" = $1 LIMIT 1  [["prop_nom", "Material"]]
  [1m[36mPropiedadValor Load (0.3ms)[0m  [1mSELECT "propiedad_valors".* FROM "propiedad_valors" WHERE "propiedad_valors"."prop_cod" = $1[0m  [["prop_cod", 4]]
  [1m[35mValor Load (0.3ms)[0m  SELECT "valors".* FROM "valors" WHERE "valors"."val_cod" = $1  [["val_cod", 4]]
  [1m[36mPropiedad Load (0.3ms)[0m  [1mSELECT  "propiedads".* FROM "propiedads" WHERE "propiedads"."prop_nom" = $1 LIMIT 1[0m  [["prop_nom", "Marca"]]
  [1m[35mPropiedadValor Load (0.3ms)[0m  SELECT "propiedad_valors".* FROM "propiedad_valors" WHERE "propiedad_valors"."prop_cod" = $1  [["prop_cod", 7]]
  [1m[36mValor Load (0.3ms)[0m  [1mSELECT "valors".* FROM "valors" WHERE "valors"."val_cod" = $1[0m  [["val_cod", 7]]
  Rendered categoris/show.html.erb within layouts/application (87.1ms)
  [1m[35mCategori Load (0.7ms)[0m  SELECT "categoris".* FROM "categoris"
  [1m[36mCategori Load (0.3ms)[0m  [1mSELECT "categoris".* FROM "categoris" WHERE "categoris"."cat_cat_cod" = $1[0m  [["cat_cat_cod", 2]]
  [1m[35mCACHE (0.0ms)[0m  SELECT "categoris".* FROM "categoris" WHERE "categoris"."cat_cat_cod" = $1  [["cat_cat_cod", 7]]
  [1m[36mCategori Load (0.4ms)[0m  [1mSELECT "categoris".* FROM "categoris" WHERE "categoris"."cat_cat_cod" = $1[0m  [["cat_cat_cod", 18]]
  [1m[35mCategori Load (0.3ms)[0m  SELECT "categoris".* FROM "categoris" WHERE "categoris"."cat_cat_cod" = $1  [["cat_cat_cod", 22]]
  [1m[36mCategori Load (0.3ms)[0m  [1mSELECT "categoris".* FROM "categoris" WHERE "categoris"."cat_cat_cod" = $1[0m  [["cat_cat_cod", 9]]
  [1m[35mCategori Load (0.2ms)[0m  SELECT "categoris".* FROM "categoris" WHERE "categoris"."cat_cat_cod" = $1  [["cat_cat_cod", 21]]
  [1m[36mCategori Load (0.2ms)[0m  [1mSELECT "categoris".* FROM "categoris" WHERE "categoris"."cat_cat_cod" = $1[0m  [["cat_cat_cod", 15]]
Completed 200 OK in 558ms (Views: 404.8ms | ActiveRecord: 91.0ms)


Started GET "/categoris/15" for 127.0.0.1 at 2015-07-12 15:23:27 -0300
Processing by CategorisController#show as HTML
  Parameters: {"id"=>"15"}
  [1m[35mCategori Load (0.4ms)[0m  SELECT  "categoris".* FROM "categoris" WHERE "categoris"."cat_cod" = $1 LIMIT 1  [["cat_cod", 15]]
  [1m[36mArticulo Load (0.5ms)[0m  [1mSELECT "articulos".* FROM "articulos" WHERE "articulos"."cat_cod" = $1[0m  [["cat_cod", 15]]
  [1m[35mImagen Load (0.4ms)[0m  SELECT "imagens".* FROM "imagens" WHERE (LENGTH(imagen_uri) > 0)
  [1m[36mInstanci Load (0.4ms)[0m  [1mSELECT "instancis".* FROM "instancis" WHERE "instancis"."ins_cod_prov" = $1 AND "instancis"."art_cod" = $2[0m  [["ins_cod_prov", "1234"], ["art_cod", 2]]
  [1m[35mInstanci Load (0.4ms)[0m  SELECT "instancis".* FROM "instancis" WHERE "instancis"."ins_cod_prov" = $1 AND "instancis"."art_cod" = $2  [["ins_cod_prov", "adcd"], ["art_cod", 2]]
  [1m[36mInstanci Load (0.4ms)[0m  [1mSELECT "instancis".* FROM "instancis" WHERE "instancis"."ins_cod_prov" = $1 AND "instancis"."art_cod" = $2[0m  [["ins_cod_prov", "abcd"], ["art_cod", 2]]
  [1m[35mInstanci Load (0.3ms)[0m  SELECT "instancis".* FROM "instancis" WHERE "instancis"."ins_cod_prov" = $1 AND "instancis"."art_cod" = $2  [["ins_cod_prov", "aaaaa"], ["art_cod", 2]]
  [1m[36mInstanci Load (0.3ms)[0m  [1mSELECT "instancis".* FROM "instancis" WHERE "instancis"."ins_cod_prov" = $1 AND "instancis"."art_cod" = $2[0m  [["ins_cod_prov", "tyuh"], ["art_cod", 2]]
  [1m[35mCategori Load (0.3ms)[0m  SELECT "categoris".* FROM "categoris" WHERE "categoris"."cat_cat_cod" = $1  [["cat_cat_cod", 15]]
  [1m[36mImagen Load (0.5ms)[0m  [1mSELECT  "imagens"."imagen_uri" FROM "imagens" WHERE "imagens"."ins_cod_prov" = $1 LIMIT 1[0m  [["ins_cod_prov", "adcd"]]
  [1m[35mArticulo Load (0.4ms)[0m  SELECT  "articulos".* FROM "articulos" WHERE "articulos"."art_cod" = $1 LIMIT 1  [["art_cod", 2]]
  [1m[36mPropiedad Load (0.2ms)[0m  [1mSELECT  "propiedads".* FROM "propiedads" WHERE "propiedads"."prop_nom" = $1 LIMIT 1[0m  [["prop_nom", "Color"]]
  [1m[35mPropiedadValor Load (0.2ms)[0m  SELECT "propiedad_valors".* FROM "propiedad_valors" WHERE "propiedad_valors"."prop_cod" = $1  [["prop_cod", 1]]
  [1m[36mValor Load (0.2ms)[0m  [1mSELECT "valors".* FROM "valors" WHERE "valors"."val_cod" = $1[0m  [["val_cod", 1]]
  [1m[35mValor Load (0.2ms)[0m  SELECT "valors".* FROM "valors" WHERE "valors"."val_cod" = $1  [["val_cod", 9]]
  [1m[36mPropiedad Load (0.2ms)[0m  [1mSELECT  "propiedads".* FROM "propiedads" WHERE "propiedads"."prop_nom" = $1 LIMIT 1[0m  [["prop_nom", "Material"]]
  [1m[35mPropiedadValor Load (0.2ms)[0m  SELECT "propiedad_valors".* FROM "propiedad_valors" WHERE "propiedad_valors"."prop_cod" = $1  [["prop_cod", 4]]
  [1m[36mValor Load (0.2ms)[0m  [1mSELECT "valors".* FROM "valors" WHERE "valors"."val_cod" = $1[0m  [["val_cod", 4]]
  [1m[35mPropiedad Load (0.2ms)[0m  SELECT  "propiedads".* FROM "propiedads" WHERE "propiedads"."prop_nom" = $1 LIMIT 1  [["prop_nom", "Marca"]]
  [1m[36mPropiedadValor Load (0.2ms)[0m  [1mSELECT "propiedad_valors".* FROM "propiedad_valors" WHERE "propiedad_valors"."prop_cod" = $1[0m  [["prop_cod", 7]]
  [1m[35mValor Load (0.1ms)[0m  SELECT "valors".* FROM "valors" WHERE "valors"."val_cod" = $1  [["val_cod", 7]]
  Rendered categoris/show.html.erb within layouts/application (10.7ms)
  [1m[36mCategori Load (0.4ms)[0m  [1mSELECT "categoris".* FROM "categoris"[0m
  [1m[35mCategori Load (0.2ms)[0m  SELECT "categoris".* FROM "categoris" WHERE "categoris"."cat_cat_cod" = $1  [["cat_cat_cod", 2]]
  [1m[36mCategori Load (0.2ms)[0m  [1mSELECT "categoris".* FROM "categoris" WHERE "categoris"."cat_cat_cod" = $1[0m  [["cat_cat_cod", 7]]
  [1m[35mCategori Load (0.1ms)[0m  SELECT "categoris".* FROM "categoris" WHERE "categoris"."cat_cat_cod" = $1  [["cat_cat_cod", 18]]
  [1m[36mCategori Load (0.2ms)[0m  [1mSELECT "categoris".* FROM "categoris" WHERE "categoris"."cat_cat_cod" = $1[0m  [["cat_cat_cod", 22]]
  [1m[35mCategori Load (0.2ms)[0m  SELECT "categoris".* FROM "categoris" WHERE "categoris"."cat_cat_cod" = $1  [["cat_cat_cod", 9]]
  [1m[36mCategori Load (0.1ms)[0m  [1mSELECT "categoris".* FROM "categoris" WHERE "categoris"."cat_cat_cod" = $1[0m  [["cat_cat_cod", 21]]
  [1m[35mCACHE (0.0ms)[0m  SELECT "categoris".* FROM "categoris" WHERE "categoris"."cat_cat_cod" = $1  [["cat_cat_cod", 15]]
Completed 200 OK in 313ms (Views: 297.9ms | ActiveRecord: 7.5ms)
